info: ::1 - - [12/Jun/2023:13:56:35 +0000] "POST /api/v1/users HTTP/1.1" 500 60 "-" "PostmanRuntime/7.32.2"

info: ::1 - - [12/Jun/2023:13:56:50 +0000] "POST /api/v1/users HTTP/1.1" 500 67 "-" "PostmanRuntime/7.32.2"

error: uncaughtException: logger is not defined
ReferenceError: logger is not defined
    at D:\Mysql\CURDOperations\src\config\/database.js:34:5
    at processTicksAndRejections (node:internal/process/task_queues:95:5) {"date":"Mon Jun 12 2023 21:04:11 GMT+0530 (India Standard Time)","error":{},"exception":true,"os":{"loadavg":[0,0,0],"uptime":2169.109},"process":{"argv":["node","D:\\Mysql\\CURDOperations\\src\\index.js"],"cwd":"D:\\Mysql\\CURDOperations","execPath":"C:\\Program Files\\nodejs\\node.exe","gid":null,"memoryUsage":{"arrayBuffers":159340,"external":1685228,"heapTotal":97009664,"heapUsed":48040168,"rss":136142848},"pid":11776,"uid":null,"version":"v18.16.0"},"stack":"ReferenceError: logger is not defined\n    at D:\\Mysql\\CURDOperations\\src\\config\\/database.js:34:5\n    at processTicksAndRejections (node:internal/process/task_queues:95:5)","trace":[{"column":5,"file":"D:\\Mysql\\CURDOperations\\src\\config\\/database.js","function":null,"line":34,"method":null,"native":false},{"column":5,"file":"node:internal/process/task_queues","function":"processTicksAndRejections","line":95,"method":null,"native":false}]}
error: uncaughtException: Access denied for user 'Levono'@'localhost' (using password: YES)
SequelizeAccessDeniedError: Access denied for user 'Levono'@'localhost' (using password: YES)
    at ConnectionManager.connect (D:\Mysql\CURDOperations\node_modules\sequelize\src\dialects\mysql\connection-manager.js:118:17)
    at processTicksAndRejections (node:internal/process/task_queues:95:5)
    at ConnectionManager._connect (D:\Mysql\CURDOperations\node_modules\sequelize\src\dialects\abstract\connection-manager.js:332:24)
    at D:\Mysql\CURDOperations\node_modules\sequelize\src\dialects\abstract\connection-manager.js:250:32 {"date":"Mon Jun 12 2023 21:04:11 GMT+0530 (India Standard Time)","error":{"name":"SequelizeAccessDeniedError","original":{"code":"ER_ACCESS_DENIED_ERROR","errno":1045,"sqlMessage":"Access denied for user 'Levono'@'localhost' (using password: YES)","sqlState":"28000"},"parent":{"code":"ER_ACCESS_DENIED_ERROR","errno":1045,"sqlMessage":"Access denied for user 'Levono'@'localhost' (using password: YES)","sqlState":"28000"}},"exception":true,"os":{"loadavg":[0,0,0],"uptime":2169.109},"process":{"argv":["node","D:\\Mysql\\CURDOperations\\src\\index.js"],"cwd":"D:\\Mysql\\CURDOperations","execPath":"C:\\Program Files\\nodejs\\node.exe","gid":null,"memoryUsage":{"arrayBuffers":204716,"external":1730604,"heapTotal":97009664,"heapUsed":48595344,"rss":136183808},"pid":11776,"uid":null,"version":"v18.16.0"},"stack":"SequelizeAccessDeniedError: Access denied for user 'Levono'@'localhost' (using password: YES)\n    at ConnectionManager.connect (D:\\Mysql\\CURDOperations\\node_modules\\sequelize\\src\\dialects\\mysql\\connection-manager.js:118:17)\n    at processTicksAndRejections (node:internal/process/task_queues:95:5)\n    at ConnectionManager._connect (D:\\Mysql\\CURDOperations\\node_modules\\sequelize\\src\\dialects\\abstract\\connection-manager.js:332:24)\n    at D:\\Mysql\\CURDOperations\\node_modules\\sequelize\\src\\dialects\\abstract\\connection-manager.js:250:32","trace":[{"column":17,"file":"D:\\Mysql\\CURDOperations\\node_modules\\sequelize\\src\\dialects\\mysql\\connection-manager.js","function":"ConnectionManager.connect","line":118,"method":"connect","native":false},{"column":5,"file":"node:internal/process/task_queues","function":"processTicksAndRejections","line":95,"method":null,"native":false},{"column":24,"file":"D:\\Mysql\\CURDOperations\\node_modules\\sequelize\\src\\dialects\\abstract\\connection-manager.js","function":"ConnectionManager._connect","line":332,"method":"_connect","native":false},{"column":32,"file":"D:\\Mysql\\CURDOperations\\node_modules\\sequelize\\src\\dialects\\abstract\\connection-manager.js","function":null,"line":250,"method":null,"native":false}]}
error: uncaughtException: Access denied for user 'Levono'@'localhost' (using password: YES)
SequelizeAccessDeniedError: Access denied for user 'Levono'@'localhost' (using password: YES)
    at ConnectionManager.connect (D:\Mysql\CURDOperations\node_modules\sequelize\src\dialects\mysql\connection-manager.js:118:17)
    at processTicksAndRejections (node:internal/process/task_queues:95:5)
    at ConnectionManager._connect (D:\Mysql\CURDOperations\node_modules\sequelize\src\dialects\abstract\connection-manager.js:332:24)
    at D:\Mysql\CURDOperations\node_modules\sequelize\src\dialects\abstract\connection-manager.js:250:32 {"date":"Mon Jun 12 2023 21:04:51 GMT+0530 (India Standard Time)","error":{"name":"SequelizeAccessDeniedError","original":{"code":"ER_ACCESS_DENIED_ERROR","errno":1045,"sqlMessage":"Access denied for user 'Levono'@'localhost' (using password: YES)","sqlState":"28000"},"parent":{"code":"ER_ACCESS_DENIED_ERROR","errno":1045,"sqlMessage":"Access denied for user 'Levono'@'localhost' (using password: YES)","sqlState":"28000"}},"exception":true,"os":{"loadavg":[0,0,0],"uptime":2208.968},"process":{"argv":["node","D:\\Mysql\\CURDOperations\\src\\index.js"],"cwd":"D:\\Mysql\\CURDOperations","execPath":"C:\\Program Files\\nodejs\\node.exe","gid":null,"memoryUsage":{"arrayBuffers":204716,"external":1730604,"heapTotal":97271808,"heapUsed":48668456,"rss":137216000},"pid":9100,"uid":null,"version":"v18.16.0"},"stack":"SequelizeAccessDeniedError: Access denied for user 'Levono'@'localhost' (using password: YES)\n    at ConnectionManager.connect (D:\\Mysql\\CURDOperations\\node_modules\\sequelize\\src\\dialects\\mysql\\connection-manager.js:118:17)\n    at processTicksAndRejections (node:internal/process/task_queues:95:5)\n    at ConnectionManager._connect (D:\\Mysql\\CURDOperations\\node_modules\\sequelize\\src\\dialects\\abstract\\connection-manager.js:332:24)\n    at D:\\Mysql\\CURDOperations\\node_modules\\sequelize\\src\\dialects\\abstract\\connection-manager.js:250:32","trace":[{"column":17,"file":"D:\\Mysql\\CURDOperations\\node_modules\\sequelize\\src\\dialects\\mysql\\connection-manager.js","function":"ConnectionManager.connect","line":118,"method":"connect","native":false},{"column":5,"file":"node:internal/process/task_queues","function":"processTicksAndRejections","line":95,"method":null,"native":false},{"column":24,"file":"D:\\Mysql\\CURDOperations\\node_modules\\sequelize\\src\\dialects\\abstract\\connection-manager.js","function":"ConnectionManager._connect","line":332,"method":"_connect","native":false},{"column":32,"file":"D:\\Mysql\\CURDOperations\\node_modules\\sequelize\\src\\dialects\\abstract\\connection-manager.js","function":null,"line":250,"method":null,"native":false}]}
error: uncaughtException: Access denied for user 'Levono'@'localhost' (using password: YES)
SequelizeAccessDeniedError: Access denied for user 'Levono'@'localhost' (using password: YES)
    at ConnectionManager.connect (D:\Mysql\CURDOperations\node_modules\sequelize\src\dialects\mysql\connection-manager.js:118:17)
    at processTicksAndRejections (node:internal/process/task_queues:95:5)
    at ConnectionManager._connect (D:\Mysql\CURDOperations\node_modules\sequelize\src\dialects\abstract\connection-manager.js:332:24)
    at D:\Mysql\CURDOperations\node_modules\sequelize\src\dialects\abstract\connection-manager.js:250:32 {"date":"Mon Jun 12 2023 21:08:23 GMT+0530 (India Standard Time)","error":{"name":"SequelizeAccessDeniedError","original":{"code":"ER_ACCESS_DENIED_ERROR","errno":1045,"sqlMessage":"Access denied for user 'Levono'@'localhost' (using password: YES)","sqlState":"28000"},"parent":{"code":"ER_ACCESS_DENIED_ERROR","errno":1045,"sqlMessage":"Access denied for user 'Levono'@'localhost' (using password: YES)","sqlState":"28000"}},"exception":true,"os":{"loadavg":[0,0,0],"uptime":2421.281},"process":{"argv":["node","D:\\Mysql\\CURDOperations\\src\\index.js"],"cwd":"D:\\Mysql\\CURDOperations","execPath":"C:\\Program Files\\nodejs\\node.exe","gid":null,"memoryUsage":{"arrayBuffers":204716,"external":1730604,"heapTotal":96485376,"heapUsed":48281312,"rss":136146944},"pid":12412,"uid":null,"version":"v18.16.0"},"stack":"SequelizeAccessDeniedError: Access denied for user 'Levono'@'localhost' (using password: YES)\n    at ConnectionManager.connect (D:\\Mysql\\CURDOperations\\node_modules\\sequelize\\src\\dialects\\mysql\\connection-manager.js:118:17)\n    at processTicksAndRejections (node:internal/process/task_queues:95:5)\n    at ConnectionManager._connect (D:\\Mysql\\CURDOperations\\node_modules\\sequelize\\src\\dialects\\abstract\\connection-manager.js:332:24)\n    at D:\\Mysql\\CURDOperations\\node_modules\\sequelize\\src\\dialects\\abstract\\connection-manager.js:250:32","trace":[{"column":17,"file":"D:\\Mysql\\CURDOperations\\node_modules\\sequelize\\src\\dialects\\mysql\\connection-manager.js","function":"ConnectionManager.connect","line":118,"method":"connect","native":false},{"column":5,"file":"node:internal/process/task_queues","function":"processTicksAndRejections","line":95,"method":null,"native":false},{"column":24,"file":"D:\\Mysql\\CURDOperations\\node_modules\\sequelize\\src\\dialects\\abstract\\connection-manager.js","function":"ConnectionManager._connect","line":332,"method":"_connect","native":false},{"column":32,"file":"D:\\Mysql\\CURDOperations\\node_modules\\sequelize\\src\\dialects\\abstract\\connection-manager.js","function":null,"line":250,"method":null,"native":false}]}
error: uncaughtException: Access denied for user 'Levono'@'localhost' (using password: YES)
SequelizeAccessDeniedError: Access denied for user 'Levono'@'localhost' (using password: YES)
    at ConnectionManager.connect (D:\Mysql\CURDOperations\node_modules\sequelize\src\dialects\mysql\connection-manager.js:118:17)
    at processTicksAndRejections (node:internal/process/task_queues:95:5)
    at ConnectionManager._connect (D:\Mysql\CURDOperations\node_modules\sequelize\src\dialects\abstract\connection-manager.js:332:24)
    at D:\Mysql\CURDOperations\node_modules\sequelize\src\dialects\abstract\connection-manager.js:250:32 {"date":"Mon Jun 12 2023 21:09:40 GMT+0530 (India Standard Time)","error":{"name":"SequelizeAccessDeniedError","original":{"code":"ER_ACCESS_DENIED_ERROR","errno":1045,"sqlMessage":"Access denied for user 'Levono'@'localhost' (using password: YES)","sqlState":"28000"},"parent":{"code":"ER_ACCESS_DENIED_ERROR","errno":1045,"sqlMessage":"Access denied for user 'Levono'@'localhost' (using password: YES)","sqlState":"28000"}},"exception":true,"os":{"loadavg":[0,0,0],"uptime":2497.765},"process":{"argv":["node","D:\\Mysql\\CURDOperations\\src\\index.js"],"cwd":"D:\\Mysql\\CURDOperations","execPath":"C:\\Program Files\\nodejs\\node.exe","gid":null,"memoryUsage":{"arrayBuffers":204716,"external":1730604,"heapTotal":97009664,"heapUsed":48383944,"rss":136835072},"pid":2088,"uid":null,"version":"v18.16.0"},"stack":"SequelizeAccessDeniedError: Access denied for user 'Levono'@'localhost' (using password: YES)\n    at ConnectionManager.connect (D:\\Mysql\\CURDOperations\\node_modules\\sequelize\\src\\dialects\\mysql\\connection-manager.js:118:17)\n    at processTicksAndRejections (node:internal/process/task_queues:95:5)\n    at ConnectionManager._connect (D:\\Mysql\\CURDOperations\\node_modules\\sequelize\\src\\dialects\\abstract\\connection-manager.js:332:24)\n    at D:\\Mysql\\CURDOperations\\node_modules\\sequelize\\src\\dialects\\abstract\\connection-manager.js:250:32","trace":[{"column":17,"file":"D:\\Mysql\\CURDOperations\\node_modules\\sequelize\\src\\dialects\\mysql\\connection-manager.js","function":"ConnectionManager.connect","line":118,"method":"connect","native":false},{"column":5,"file":"node:internal/process/task_queues","function":"processTicksAndRejections","line":95,"method":null,"native":false},{"column":24,"file":"D:\\Mysql\\CURDOperations\\node_modules\\sequelize\\src\\dialects\\abstract\\connection-manager.js","function":"ConnectionManager._connect","line":332,"method":"_connect","native":false},{"column":32,"file":"D:\\Mysql\\CURDOperations\\node_modules\\sequelize\\src\\dialects\\abstract\\connection-manager.js","function":null,"line":250,"method":null,"native":false}]}
error: uncaughtException: Access denied for user 'ROOT'@'localhost' (using password: YES)
SequelizeAccessDeniedError: Access denied for user 'ROOT'@'localhost' (using password: YES)
    at ConnectionManager.connect (D:\Mysql\CURDOperations\node_modules\sequelize\src\dialects\mysql\connection-manager.js:118:17)
    at processTicksAndRejections (node:internal/process/task_queues:95:5)
    at ConnectionManager._connect (D:\Mysql\CURDOperations\node_modules\sequelize\src\dialects\abstract\connection-manager.js:332:24)
    at D:\Mysql\CURDOperations\node_modules\sequelize\src\dialects\abstract\connection-manager.js:250:32 {"date":"Mon Jun 12 2023 21:09:47 GMT+0530 (India Standard Time)","error":{"name":"SequelizeAccessDeniedError","original":{"code":"ER_ACCESS_DENIED_ERROR","errno":1045,"sqlMessage":"Access denied for user 'ROOT'@'localhost' (using password: YES)","sqlState":"28000"},"parent":{"code":"ER_ACCESS_DENIED_ERROR","errno":1045,"sqlMessage":"Access denied for user 'ROOT'@'localhost' (using password: YES)","sqlState":"28000"}},"exception":true,"os":{"loadavg":[0,0,0],"uptime":2505.359},"process":{"argv":["node","D:\\Mysql\\CURDOperations\\src\\index.js"],"cwd":"D:\\Mysql\\CURDOperations","execPath":"C:\\Program Files\\nodejs\\node.exe","gid":null,"memoryUsage":{"arrayBuffers":204712,"external":1730600,"heapTotal":96485376,"heapUsed":48362064,"rss":136306688},"pid":6368,"uid":null,"version":"v18.16.0"},"stack":"SequelizeAccessDeniedError: Access denied for user 'ROOT'@'localhost' (using password: YES)\n    at ConnectionManager.connect (D:\\Mysql\\CURDOperations\\node_modules\\sequelize\\src\\dialects\\mysql\\connection-manager.js:118:17)\n    at processTicksAndRejections (node:internal/process/task_queues:95:5)\n    at ConnectionManager._connect (D:\\Mysql\\CURDOperations\\node_modules\\sequelize\\src\\dialects\\abstract\\connection-manager.js:332:24)\n    at D:\\Mysql\\CURDOperations\\node_modules\\sequelize\\src\\dialects\\abstract\\connection-manager.js:250:32","trace":[{"column":17,"file":"D:\\Mysql\\CURDOperations\\node_modules\\sequelize\\src\\dialects\\mysql\\connection-manager.js","function":"ConnectionManager.connect","line":118,"method":"connect","native":false},{"column":5,"file":"node:internal/process/task_queues","function":"processTicksAndRejections","line":95,"method":null,"native":false},{"column":24,"file":"D:\\Mysql\\CURDOperations\\node_modules\\sequelize\\src\\dialects\\abstract\\connection-manager.js","function":"ConnectionManager._connect","line":332,"method":"_connect","native":false},{"column":32,"file":"D:\\Mysql\\CURDOperations\\node_modules\\sequelize\\src\\dialects\\abstract\\connection-manager.js","function":null,"line":250,"method":null,"native":false}]}
error: uncaughtException: Access denied for user ''@'localhost' (using password: YES)
SequelizeAccessDeniedError: Access denied for user ''@'localhost' (using password: YES)
    at ConnectionManager.connect (D:\Mysql\CURDOperations\node_modules\sequelize\src\dialects\mysql\connection-manager.js:118:17)
    at processTicksAndRejections (node:internal/process/task_queues:95:5)
    at ConnectionManager._connect (D:\Mysql\CURDOperations\node_modules\sequelize\src\dialects\abstract\connection-manager.js:332:24)
    at D:\Mysql\CURDOperations\node_modules\sequelize\src\dialects\abstract\connection-manager.js:250:32 {"date":"Mon Jun 12 2023 21:09:50 GMT+0530 (India Standard Time)","error":{"name":"SequelizeAccessDeniedError","original":{"code":"ER_ACCESS_DENIED_ERROR","errno":1045,"sqlMessage":"Access denied for user ''@'localhost' (using password: YES)","sqlState":"28000"},"parent":{"code":"ER_ACCESS_DENIED_ERROR","errno":1045,"sqlMessage":"Access denied for user ''@'localhost' (using password: YES)","sqlState":"28000"}},"exception":true,"os":{"loadavg":[0,0,0],"uptime":2508.265},"process":{"argv":["node","D:\\Mysql\\CURDOperations\\src\\index.js"],"cwd":"D:\\Mysql\\CURDOperations","execPath":"C:\\Program Files\\nodejs\\node.exe","gid":null,"memoryUsage":{"arrayBuffers":205362,"external":1731250,"heapTotal":97009664,"heapUsed":48283896,"rss":136937472},"pid":10576,"uid":null,"version":"v18.16.0"},"stack":"SequelizeAccessDeniedError: Access denied for user ''@'localhost' (using password: YES)\n    at ConnectionManager.connect (D:\\Mysql\\CURDOperations\\node_modules\\sequelize\\src\\dialects\\mysql\\connection-manager.js:118:17)\n    at processTicksAndRejections (node:internal/process/task_queues:95:5)\n    at ConnectionManager._connect (D:\\Mysql\\CURDOperations\\node_modules\\sequelize\\src\\dialects\\abstract\\connection-manager.js:332:24)\n    at D:\\Mysql\\CURDOperations\\node_modules\\sequelize\\src\\dialects\\abstract\\connection-manager.js:250:32","trace":[{"column":17,"file":"D:\\Mysql\\CURDOperations\\node_modules\\sequelize\\src\\dialects\\mysql\\connection-manager.js","function":"ConnectionManager.connect","line":118,"method":"connect","native":false},{"column":5,"file":"node:internal/process/task_queues","function":"processTicksAndRejections","line":95,"method":null,"native":false},{"column":24,"file":"D:\\Mysql\\CURDOperations\\node_modules\\sequelize\\src\\dialects\\abstract\\connection-manager.js","function":"ConnectionManager._connect","line":332,"method":"_connect","native":false},{"column":32,"file":"D:\\Mysql\\CURDOperations\\node_modules\\sequelize\\src\\dialects\\abstract\\connection-manager.js","function":null,"line":250,"method":null,"native":false}]}
info: ::1 - - [12/Jun/2023:15:42:14 +0000] "POST /api/v1/users HTTP/1.1" 201 295 "-" "PostmanRuntime/7.32.2"

error: uncaughtException: Access denied for user 'Levono'@'localhost' (using password: YES)
SequelizeAccessDeniedError: Access denied for user 'Levono'@'localhost' (using password: YES)
    at ConnectionManager.connect (D:\Mysql\CURDOperations\node_modules\sequelize\src\dialects\mysql\connection-manager.js:118:17)
    at processTicksAndRejections (node:internal/process/task_queues:95:5)
    at ConnectionManager._connect (D:\Mysql\CURDOperations\node_modules\sequelize\src\dialects\abstract\connection-manager.js:332:24)
    at D:\Mysql\CURDOperations\node_modules\sequelize\src\dialects\abstract\connection-manager.js:250:32 {"date":"Mon Jun 12 2023 21:18:25 GMT+0530 (India Standard Time)","error":{"name":"SequelizeAccessDeniedError","original":{"code":"ER_ACCESS_DENIED_ERROR","errno":1045,"sqlMessage":"Access denied for user 'Levono'@'localhost' (using password: YES)","sqlState":"28000"},"parent":{"code":"ER_ACCESS_DENIED_ERROR","errno":1045,"sqlMessage":"Access denied for user 'Levono'@'localhost' (using password: YES)","sqlState":"28000"}},"exception":true,"os":{"loadavg":[0,0,0],"uptime":3023.515},"process":{"argv":["node","D:\\Mysql\\CURDOperations\\src\\index.js"],"cwd":"D:\\Mysql\\CURDOperations","execPath":"C:\\Program Files\\nodejs\\node.exe","gid":null,"memoryUsage":{"arrayBuffers":204716,"external":1730604,"heapTotal":97271808,"heapUsed":48402576,"rss":136245248},"pid":5688,"uid":null,"version":"v18.16.0"},"stack":"SequelizeAccessDeniedError: Access denied for user 'Levono'@'localhost' (using password: YES)\n    at ConnectionManager.connect (D:\\Mysql\\CURDOperations\\node_modules\\sequelize\\src\\dialects\\mysql\\connection-manager.js:118:17)\n    at processTicksAndRejections (node:internal/process/task_queues:95:5)\n    at ConnectionManager._connect (D:\\Mysql\\CURDOperations\\node_modules\\sequelize\\src\\dialects\\abstract\\connection-manager.js:332:24)\n    at D:\\Mysql\\CURDOperations\\node_modules\\sequelize\\src\\dialects\\abstract\\connection-manager.js:250:32","trace":[{"column":17,"file":"D:\\Mysql\\CURDOperations\\node_modules\\sequelize\\src\\dialects\\mysql\\connection-manager.js","function":"ConnectionManager.connect","line":118,"method":"connect","native":false},{"column":5,"file":"node:internal/process/task_queues","function":"processTicksAndRejections","line":95,"method":null,"native":false},{"column":24,"file":"D:\\Mysql\\CURDOperations\\node_modules\\sequelize\\src\\dialects\\abstract\\connection-manager.js","function":"ConnectionManager._connect","line":332,"method":"_connect","native":false},{"column":32,"file":"D:\\Mysql\\CURDOperations\\node_modules\\sequelize\\src\\dialects\\abstract\\connection-manager.js","function":null,"line":250,"method":null,"native":false}]}
error: uncaughtException: Access denied for user 'Levono'@'localhost' (using password: YES)
SequelizeAccessDeniedError: Access denied for user 'Levono'@'localhost' (using password: YES)
    at ConnectionManager.connect (D:\Mysql\CURDOperations\node_modules\sequelize\src\dialects\mysql\connection-manager.js:118:17)
    at processTicksAndRejections (node:internal/process/task_queues:95:5)
    at ConnectionManager._connect (D:\Mysql\CURDOperations\node_modules\sequelize\src\dialects\abstract\connection-manager.js:332:24)
    at D:\Mysql\CURDOperations\node_modules\sequelize\src\dialects\abstract\connection-manager.js:250:32 {"date":"Mon Jun 12 2023 21:20:03 GMT+0530 (India Standard Time)","error":{"name":"SequelizeAccessDeniedError","original":{"code":"ER_ACCESS_DENIED_ERROR","errno":1045,"sqlMessage":"Access denied for user 'Levono'@'localhost' (using password: YES)","sqlState":"28000"},"parent":{"code":"ER_ACCESS_DENIED_ERROR","errno":1045,"sqlMessage":"Access denied for user 'Levono'@'localhost' (using password: YES)","sqlState":"28000"}},"exception":true,"os":{"loadavg":[0,0,0],"uptime":3121.046},"process":{"argv":["node","D:\\Mysql\\CURDOperations\\src\\index.js"],"cwd":"D:\\Mysql\\CURDOperations","execPath":"C:\\Program Files\\nodejs\\node.exe","gid":null,"memoryUsage":{"arrayBuffers":204716,"external":1730604,"heapTotal":98844672,"heapUsed":49005888,"rss":138625024},"pid":10520,"uid":null,"version":"v18.16.0"},"stack":"SequelizeAccessDeniedError: Access denied for user 'Levono'@'localhost' (using password: YES)\n    at ConnectionManager.connect (D:\\Mysql\\CURDOperations\\node_modules\\sequelize\\src\\dialects\\mysql\\connection-manager.js:118:17)\n    at processTicksAndRejections (node:internal/process/task_queues:95:5)\n    at ConnectionManager._connect (D:\\Mysql\\CURDOperations\\node_modules\\sequelize\\src\\dialects\\abstract\\connection-manager.js:332:24)\n    at D:\\Mysql\\CURDOperations\\node_modules\\sequelize\\src\\dialects\\abstract\\connection-manager.js:250:32","trace":[{"column":17,"file":"D:\\Mysql\\CURDOperations\\node_modules\\sequelize\\src\\dialects\\mysql\\connection-manager.js","function":"ConnectionManager.connect","line":118,"method":"connect","native":false},{"column":5,"file":"node:internal/process/task_queues","function":"processTicksAndRejections","line":95,"method":null,"native":false},{"column":24,"file":"D:\\Mysql\\CURDOperations\\node_modules\\sequelize\\src\\dialects\\abstract\\connection-manager.js","function":"ConnectionManager._connect","line":332,"method":"_connect","native":false},{"column":32,"file":"D:\\Mysql\\CURDOperations\\node_modules\\sequelize\\src\\dialects\\abstract\\connection-manager.js","function":null,"line":250,"method":null,"native":false}]}
error: uncaughtException: Access denied for user 'Levono'@'localhost' (using password: YES)
SequelizeAccessDeniedError: Access denied for user 'Levono'@'localhost' (using password: YES)
    at ConnectionManager.connect (D:\Mysql\CURDOperations\node_modules\sequelize\src\dialects\mysql\connection-manager.js:118:17)
    at processTicksAndRejections (node:internal/process/task_queues:95:5)
    at ConnectionManager._connect (D:\Mysql\CURDOperations\node_modules\sequelize\src\dialects\abstract\connection-manager.js:332:24)
    at D:\Mysql\CURDOperations\node_modules\sequelize\src\dialects\abstract\connection-manager.js:250:32 {"date":"Mon Jun 12 2023 21:20:23 GMT+0530 (India Standard Time)","error":{"name":"SequelizeAccessDeniedError","original":{"code":"ER_ACCESS_DENIED_ERROR","errno":1045,"sqlMessage":"Access denied for user 'Levono'@'localhost' (using password: YES)","sqlState":"28000"},"parent":{"code":"ER_ACCESS_DENIED_ERROR","errno":1045,"sqlMessage":"Access denied for user 'Levono'@'localhost' (using password: YES)","sqlState":"28000"}},"exception":true,"os":{"loadavg":[0,0,0],"uptime":3141.296},"process":{"argv":["node","D:\\Mysql\\CURDOperations\\src\\index.js"],"cwd":"D:\\Mysql\\CURDOperations","execPath":"C:\\Program Files\\nodejs\\node.exe","gid":null,"memoryUsage":{"arrayBuffers":204716,"external":1730604,"heapTotal":96747520,"heapUsed":48829176,"rss":136380416},"pid":7072,"uid":null,"version":"v18.16.0"},"stack":"SequelizeAccessDeniedError: Access denied for user 'Levono'@'localhost' (using password: YES)\n    at ConnectionManager.connect (D:\\Mysql\\CURDOperations\\node_modules\\sequelize\\src\\dialects\\mysql\\connection-manager.js:118:17)\n    at processTicksAndRejections (node:internal/process/task_queues:95:5)\n    at ConnectionManager._connect (D:\\Mysql\\CURDOperations\\node_modules\\sequelize\\src\\dialects\\abstract\\connection-manager.js:332:24)\n    at D:\\Mysql\\CURDOperations\\node_modules\\sequelize\\src\\dialects\\abstract\\connection-manager.js:250:32","trace":[{"column":17,"file":"D:\\Mysql\\CURDOperations\\node_modules\\sequelize\\src\\dialects\\mysql\\connection-manager.js","function":"ConnectionManager.connect","line":118,"method":"connect","native":false},{"column":5,"file":"node:internal/process/task_queues","function":"processTicksAndRejections","line":95,"method":null,"native":false},{"column":24,"file":"D:\\Mysql\\CURDOperations\\node_modules\\sequelize\\src\\dialects\\abstract\\connection-manager.js","function":"ConnectionManager._connect","line":332,"method":"_connect","native":false},{"column":32,"file":"D:\\Mysql\\CURDOperations\\node_modules\\sequelize\\src\\dialects\\abstract\\connection-manager.js","function":null,"line":250,"method":null,"native":false}]}
error: uncaughtException: Access denied for user 'Levono'@'localhost' (using password: YES)
SequelizeAccessDeniedError: Access denied for user 'Levono'@'localhost' (using password: YES)
    at ConnectionManager.connect (D:\Mysql\CURDOperations\node_modules\sequelize\src\dialects\mysql\connection-manager.js:118:17)
    at processTicksAndRejections (node:internal/process/task_queues:95:5)
    at ConnectionManager._connect (D:\Mysql\CURDOperations\node_modules\sequelize\src\dialects\abstract\connection-manager.js:332:24)
    at D:\Mysql\CURDOperations\node_modules\sequelize\src\dialects\abstract\connection-manager.js:250:32 {"date":"Mon Jun 12 2023 21:20:26 GMT+0530 (India Standard Time)","error":{"name":"SequelizeAccessDeniedError","original":{"code":"ER_ACCESS_DENIED_ERROR","errno":1045,"sqlMessage":"Access denied for user 'Levono'@'localhost' (using password: YES)","sqlState":"28000"},"parent":{"code":"ER_ACCESS_DENIED_ERROR","errno":1045,"sqlMessage":"Access denied for user 'Levono'@'localhost' (using password: YES)","sqlState":"28000"}},"exception":true,"os":{"loadavg":[0,0,0],"uptime":3144.156},"process":{"argv":["node","D:\\Mysql\\CURDOperations\\src\\index.js"],"cwd":"D:\\Mysql\\CURDOperations","execPath":"C:\\Program Files\\nodejs\\node.exe","gid":null,"memoryUsage":{"arrayBuffers":204716,"external":1730604,"heapTotal":97271808,"heapUsed":48927088,"rss":137093120},"pid":560,"uid":null,"version":"v18.16.0"},"stack":"SequelizeAccessDeniedError: Access denied for user 'Levono'@'localhost' (using password: YES)\n    at ConnectionManager.connect (D:\\Mysql\\CURDOperations\\node_modules\\sequelize\\src\\dialects\\mysql\\connection-manager.js:118:17)\n    at processTicksAndRejections (node:internal/process/task_queues:95:5)\n    at ConnectionManager._connect (D:\\Mysql\\CURDOperations\\node_modules\\sequelize\\src\\dialects\\abstract\\connection-manager.js:332:24)\n    at D:\\Mysql\\CURDOperations\\node_modules\\sequelize\\src\\dialects\\abstract\\connection-manager.js:250:32","trace":[{"column":17,"file":"D:\\Mysql\\CURDOperations\\node_modules\\sequelize\\src\\dialects\\mysql\\connection-manager.js","function":"ConnectionManager.connect","line":118,"method":"connect","native":false},{"column":5,"file":"node:internal/process/task_queues","function":"processTicksAndRejections","line":95,"method":null,"native":false},{"column":24,"file":"D:\\Mysql\\CURDOperations\\node_modules\\sequelize\\src\\dialects\\abstract\\connection-manager.js","function":"ConnectionManager._connect","line":332,"method":"_connect","native":false},{"column":32,"file":"D:\\Mysql\\CURDOperations\\node_modules\\sequelize\\src\\dialects\\abstract\\connection-manager.js","function":null,"line":250,"method":null,"native":false}]}
error: uncaughtException: Access denied for user 'Levono'@'localhost' (using password: YES)
SequelizeAccessDeniedError: Access denied for user 'Levono'@'localhost' (using password: YES)
    at ConnectionManager.connect (D:\Mysql\CURDOperations\node_modules\sequelize\src\dialects\mysql\connection-manager.js:118:17)
    at processTicksAndRejections (node:internal/process/task_queues:95:5)
    at ConnectionManager._connect (D:\Mysql\CURDOperations\node_modules\sequelize\src\dialects\abstract\connection-manager.js:332:24)
    at D:\Mysql\CURDOperations\node_modules\sequelize\src\dialects\abstract\connection-manager.js:250:32 {"date":"Mon Jun 12 2023 21:20:30 GMT+0530 (India Standard Time)","error":{"name":"SequelizeAccessDeniedError","original":{"code":"ER_ACCESS_DENIED_ERROR","errno":1045,"sqlMessage":"Access denied for user 'Levono'@'localhost' (using password: YES)","sqlState":"28000"},"parent":{"code":"ER_ACCESS_DENIED_ERROR","errno":1045,"sqlMessage":"Access denied for user 'Levono'@'localhost' (using password: YES)","sqlState":"28000"}},"exception":true,"os":{"loadavg":[0,0,0],"uptime":3148.171},"process":{"argv":["node","D:\\Mysql\\CURDOperations\\src\\index.js"],"cwd":"D:\\Mysql\\CURDOperations","execPath":"C:\\Program Files\\nodejs\\node.exe","gid":null,"memoryUsage":{"arrayBuffers":204716,"external":1730604,"heapTotal":97271808,"heapUsed":48777408,"rss":136556544},"pid":9040,"uid":null,"version":"v18.16.0"},"stack":"SequelizeAccessDeniedError: Access denied for user 'Levono'@'localhost' (using password: YES)\n    at ConnectionManager.connect (D:\\Mysql\\CURDOperations\\node_modules\\sequelize\\src\\dialects\\mysql\\connection-manager.js:118:17)\n    at processTicksAndRejections (node:internal/process/task_queues:95:5)\n    at ConnectionManager._connect (D:\\Mysql\\CURDOperations\\node_modules\\sequelize\\src\\dialects\\abstract\\connection-manager.js:332:24)\n    at D:\\Mysql\\CURDOperations\\node_modules\\sequelize\\src\\dialects\\abstract\\connection-manager.js:250:32","trace":[{"column":17,"file":"D:\\Mysql\\CURDOperations\\node_modules\\sequelize\\src\\dialects\\mysql\\connection-manager.js","function":"ConnectionManager.connect","line":118,"method":"connect","native":false},{"column":5,"file":"node:internal/process/task_queues","function":"processTicksAndRejections","line":95,"method":null,"native":false},{"column":24,"file":"D:\\Mysql\\CURDOperations\\node_modules\\sequelize\\src\\dialects\\abstract\\connection-manager.js","function":"ConnectionManager._connect","line":332,"method":"_connect","native":false},{"column":32,"file":"D:\\Mysql\\CURDOperations\\node_modules\\sequelize\\src\\dialects\\abstract\\connection-manager.js","function":null,"line":250,"method":null,"native":false}]}
info: ::1 - - [12/Jun/2023:15:51:37 +0000] "POST /api/v1/users HTTP/1.1" 201 290 "-" "PostmanRuntime/7.32.2"

info: ::1 - - [12/Jun/2023:15:51:48 +0000] "GET /api/v1/users/1 HTTP/1.1" 500 52 "-" "PostmanRuntime/7.32.2"

info: ::1 - - [12/Jun/2023:15:52:11 +0000] "GET /api/v1/users HTTP/1.1" 200 535 "-" "PostmanRuntime/7.32.2"

info: ::1 - - [12/Jun/2023:15:52:57 +0000] "GET /api/v1/users/2 HTTP/1.1" 500 52 "-" "PostmanRuntime/7.32.2"

info: ::1 - - [12/Jun/2023:15:53:28 +0000] "GET /api/v1/users/2 HTTP/1.1" 200 290 "-" "PostmanRuntime/7.32.2"

info: ::1 - - [12/Jun/2023:15:57:26 +0000] "PUT /api/v1/users/2 HTTP/1.1" 202 159 "-" "PostmanRuntime/7.32.2"

info: ::1 - - [12/Jun/2023:16:02:20 +0000] "POST /api/v1/users HTTP/1.1" 500 54 "-" "PostmanRuntime/7.32.2"

info: ::1 - - [12/Jun/2023:16:02:35 +0000] "POST /api/v1/users HTTP/1.1" 500 54 "-" "PostmanRuntime/7.32.2"

info: ::1 - - [12/Jun/2023:16:02:38 +0000] "POST /api/v1/users HTTP/1.1" 500 54 "-" "PostmanRuntime/7.32.2"

info: ::1 - - [12/Jun/2023:16:02:57 +0000] "GET /api/v1/users/1 HTTP/1.1" 500 52 "-" "PostmanRuntime/7.32.2"

info: ::1 - - [12/Jun/2023:16:03:04 +0000] "GET /api/v1/users HTTP/1.1" 200 489 "-" "PostmanRuntime/7.32.2"

info: ::1 - - [12/Jun/2023:16:04:00 +0000] "POST /api/v1/users HTTP/1.1" 201 287 "-" "PostmanRuntime/7.32.2"

info: ::1 - - [14/Jun/2023:03:00:13 +0000] "GET /api/v1/users/2 HTTP/1.1" 200 244 "-" "PostmanRuntime/7.32.2"

info: ::1 - - [14/Jun/2023:03:00:32 +0000] "GET /api/v1/users HTTP/1.1" 200 719 "-" "PostmanRuntime/7.32.2"

info: ::1 - - [14/Jun/2023:03:00:49 +0000] "DELETE /api/v1/users/2 HTTP/1.1" 200 60 "-" "PostmanRuntime/7.32.2"

info: ::1 - - [14/Jun/2023:03:00:56 +0000] "GET /api/v1/users HTTP/1.1" 200 719 "-" "PostmanRuntime/7.32.2"

info: ::1 - - [14/Jun/2023:03:02:11 +0000] "DELETE /api/v1/users/2 HTTP/1.1" 200 60 "-" "PostmanRuntime/7.32.2"

info: ::1 - - [14/Jun/2023:03:02:24 +0000] "GET /api/v1/users HTTP/1.1" 200 532 "-" "PostmanRuntime/7.32.2"

error: uncaughtException: CURDOperations is not defined
ReferenceError: CURDOperations is not defined
    at Object.<anonymous> (D:\Mysql\CURDOperations\src\config\/database.js:16:43)
    at Module._compile (node:internal/modules/cjs/loader:1254:14)
    at Module._compile (D:\Mysql\CURDOperations\node_modules\pirates\lib\index.js:136:24)
    at Module._extensions..js (node:internal/modules/cjs/loader:1308:10)
    at Object.newLoader [as .js] (D:\Mysql\CURDOperations\node_modules\pirates\lib\index.js:141:7)
    at Module.load (node:internal/modules/cjs/loader:1117:32)
    at Function.Module._load (node:internal/modules/cjs/loader:958:12)
    at Module.require (node:internal/modules/cjs/loader:1141:19)
    at require (node:internal/modules/cjs/helpers:110:18)
    at Object.<anonymous> (D:\Mysql\CURDOperations\src\services\/user.service.js:1:1)
    at Module._compile (node:internal/modules/cjs/loader:1254:14)
    at Module._compile (D:\Mysql\CURDOperations\node_modules\pirates\lib\index.js:136:24)
    at Module._extensions..js (node:internal/modules/cjs/loader:1308:10)
    at Object.newLoader [as .js] (D:\Mysql\CURDOperations\node_modules\pirates\lib\index.js:141:7)
    at Module.load (node:internal/modules/cjs/loader:1117:32)
    at Function.Module._load (node:internal/modules/cjs/loader:958:12)
    at Module.require (node:internal/modules/cjs/loader:1141:19)
    at require (node:internal/modules/cjs/helpers:110:18)
    at Object.<anonymous> (D:\Mysql\CURDOperations\src\controllers\/user.controller.js:2:1)
    at Module._compile (node:internal/modules/cjs/loader:1254:14)
    at Module._compile (D:\Mysql\CURDOperations\node_modules\pirates\lib\index.js:136:24)
    at Module._extensions..js (node:internal/modules/cjs/loader:1308:10)
    at Object.newLoader [as .js] (D:\Mysql\CURDOperations\node_modules\pirates\lib\index.js:141:7)
    at Module.load (node:internal/modules/cjs/loader:1117:32)
    at Function.Module._load (node:internal/modules/cjs/loader:958:12)
    at Module.require (node:internal/modules/cjs/loader:1141:19)
    at require (node:internal/modules/cjs/helpers:110:18)
    at Object.<anonymous> (D:\Mysql\CURDOperations\src\routes\/user.route.js:2:1)
    at Module._compile (node:internal/modules/cjs/loader:1254:14)
    at Module._compile (D:\Mysql\CURDOperations\node_modules\pirates\lib\index.js:136:24)
    at Module._extensions..js (node:internal/modules/cjs/loader:1308:10)
    at Object.newLoader [as .js] (D:\Mysql\CURDOperations\node_modules\pirates\lib\index.js:141:7)
    at Module.load (node:internal/modules/cjs/loader:1117:32)
    at Function.Module._load (node:internal/modules/cjs/loader:958:12)
    at Module.require (node:internal/modules/cjs/loader:1141:19)
    at require (node:internal/modules/cjs/helpers:110:18)
    at Object.<anonymous> (D:\Mysql\CURDOperations\src\routes\/index.js:4:1)
    at Module._compile (node:internal/modules/cjs/loader:1254:14)
    at Module._compile (D:\Mysql\CURDOperations\node_modules\pirates\lib\index.js:136:24)
    at Module._extensions..js (node:internal/modules/cjs/loader:1308:10)
    at Object.newLoader [as .js] (D:\Mysql\CURDOperations\node_modules\pirates\lib\index.js:141:7)
    at Module.load (node:internal/modules/cjs/loader:1117:32)
    at Function.Module._load (node:internal/modules/cjs/loader:958:12)
    at Module.require (node:internal/modules/cjs/loader:1141:19)
    at require (node:internal/modules/cjs/helpers:110:18)
    at Object.<anonymous> (D:\Mysql\CURDOperations\src\/index.js:8:1)
    at Module._compile (node:internal/modules/cjs/loader:1254:14)
    at Module._compile (D:\Mysql\CURDOperations\node_modules\pirates\lib\index.js:136:24)
    at Module._extensions..js (node:internal/modules/cjs/loader:1308:10)
    at Object.newLoader [as .js] (D:\Mysql\CURDOperations\node_modules\pirates\lib\index.js:141:7) {"date":"Thu Jun 15 2023 23:13:57 GMT+0530 (India Standard Time)","error":{},"exception":true,"os":{"loadavg":[0,0,0],"uptime":97462.75},"process":{"argv":["node","D:\\Mysql\\CURDOperations\\src\\index.js"],"cwd":"D:\\Mysql\\CURDOperations","execPath":"C:\\Program Files\\nodejs\\node.exe","gid":null,"memoryUsage":{"arrayBuffers":177239,"external":1586519,"heapTotal":87568384,"heapUsed":57974760,"rss":125956096},"pid":9256,"uid":null,"version":"v18.16.0"},"stack":"ReferenceError: CURDOperations is not defined\n    at Object.<anonymous> (D:\\Mysql\\CURDOperations\\src\\config\\/database.js:16:43)\n    at Module._compile (node:internal/modules/cjs/loader:1254:14)\n    at Module._compile (D:\\Mysql\\CURDOperations\\node_modules\\pirates\\lib\\index.js:136:24)\n    at Module._extensions..js (node:internal/modules/cjs/loader:1308:10)\n    at Object.newLoader [as .js] (D:\\Mysql\\CURDOperations\\node_modules\\pirates\\lib\\index.js:141:7)\n    at Module.load (node:internal/modules/cjs/loader:1117:32)\n    at Function.Module._load (node:internal/modules/cjs/loader:958:12)\n    at Module.require (node:internal/modules/cjs/loader:1141:19)\n    at require (node:internal/modules/cjs/helpers:110:18)\n    at Object.<anonymous> (D:\\Mysql\\CURDOperations\\src\\services\\/user.service.js:1:1)\n    at Module._compile (node:internal/modules/cjs/loader:1254:14)\n    at Module._compile (D:\\Mysql\\CURDOperations\\node_modules\\pirates\\lib\\index.js:136:24)\n    at Module._extensions..js (node:internal/modules/cjs/loader:1308:10)\n    at Object.newLoader [as .js] (D:\\Mysql\\CURDOperations\\node_modules\\pirates\\lib\\index.js:141:7)\n    at Module.load (node:internal/modules/cjs/loader:1117:32)\n    at Function.Module._load (node:internal/modules/cjs/loader:958:12)\n    at Module.require (node:internal/modules/cjs/loader:1141:19)\n    at require (node:internal/modules/cjs/helpers:110:18)\n    at Object.<anonymous> (D:\\Mysql\\CURDOperations\\src\\controllers\\/user.controller.js:2:1)\n    at Module._compile (node:internal/modules/cjs/loader:1254:14)\n    at Module._compile (D:\\Mysql\\CURDOperations\\node_modules\\pirates\\lib\\index.js:136:24)\n    at Module._extensions..js (node:internal/modules/cjs/loader:1308:10)\n    at Object.newLoader [as .js] (D:\\Mysql\\CURDOperations\\node_modules\\pirates\\lib\\index.js:141:7)\n    at Module.load (node:internal/modules/cjs/loader:1117:32)\n    at Function.Module._load (node:internal/modules/cjs/loader:958:12)\n    at Module.require (node:internal/modules/cjs/loader:1141:19)\n    at require (node:internal/modules/cjs/helpers:110:18)\n    at Object.<anonymous> (D:\\Mysql\\CURDOperations\\src\\routes\\/user.route.js:2:1)\n    at Module._compile (node:internal/modules/cjs/loader:1254:14)\n    at Module._compile (D:\\Mysql\\CURDOperations\\node_modules\\pirates\\lib\\index.js:136:24)\n    at Module._extensions..js (node:internal/modules/cjs/loader:1308:10)\n    at Object.newLoader [as .js] (D:\\Mysql\\CURDOperations\\node_modules\\pirates\\lib\\index.js:141:7)\n    at Module.load (node:internal/modules/cjs/loader:1117:32)\n    at Function.Module._load (node:internal/modules/cjs/loader:958:12)\n    at Module.require (node:internal/modules/cjs/loader:1141:19)\n    at require (node:internal/modules/cjs/helpers:110:18)\n    at Object.<anonymous> (D:\\Mysql\\CURDOperations\\src\\routes\\/index.js:4:1)\n    at Module._compile (node:internal/modules/cjs/loader:1254:14)\n    at Module._compile (D:\\Mysql\\CURDOperations\\node_modules\\pirates\\lib\\index.js:136:24)\n    at Module._extensions..js (node:internal/modules/cjs/loader:1308:10)\n    at Object.newLoader [as .js] (D:\\Mysql\\CURDOperations\\node_modules\\pirates\\lib\\index.js:141:7)\n    at Module.load (node:internal/modules/cjs/loader:1117:32)\n    at Function.Module._load (node:internal/modules/cjs/loader:958:12)\n    at Module.require (node:internal/modules/cjs/loader:1141:19)\n    at require (node:internal/modules/cjs/helpers:110:18)\n    at Object.<anonymous> (D:\\Mysql\\CURDOperations\\src\\/index.js:8:1)\n    at Module._compile (node:internal/modules/cjs/loader:1254:14)\n    at Module._compile (D:\\Mysql\\CURDOperations\\node_modules\\pirates\\lib\\index.js:136:24)\n    at Module._extensions..js (node:internal/modules/cjs/loader:1308:10)\n    at Object.newLoader [as .js] (D:\\Mysql\\CURDOperations\\node_modules\\pirates\\lib\\index.js:141:7)","trace":[{"column":43,"file":"D:\\Mysql\\CURDOperations\\src\\config\\/database.js","function":null,"line":16,"method":null,"native":false},{"column":14,"file":"node:internal/modules/cjs/loader","function":"Module._compile","line":1254,"method":"_compile","native":false},{"column":24,"file":"D:\\Mysql\\CURDOperations\\node_modules\\pirates\\lib\\index.js","function":"Module._compile","line":136,"method":"_compile","native":false},{"column":10,"file":"node:internal/modules/cjs/loader","function":"Module._extensions..js","line":1308,"method":".js","native":false},{"column":7,"file":"D:\\Mysql\\CURDOperations\\node_modules\\pirates\\lib\\index.js","function":"Object.newLoader [as .js]","line":141,"method":"js]","native":false},{"column":32,"file":"node:internal/modules/cjs/loader","function":"Module.load","line":1117,"method":"load","native":false},{"column":12,"file":"node:internal/modules/cjs/loader","function":"Module._load","line":958,"method":"_load","native":false},{"column":19,"file":"node:internal/modules/cjs/loader","function":"Module.require","line":1141,"method":"require","native":false},{"column":18,"file":"node:internal/modules/cjs/helpers","function":"require","line":110,"method":null,"native":false},{"column":1,"file":"D:\\Mysql\\CURDOperations\\src\\services\\/user.service.js","function":null,"line":1,"method":null,"native":false},{"column":14,"file":"node:internal/modules/cjs/loader","function":"Module._compile","line":1254,"method":"_compile","native":false},{"column":24,"file":"D:\\Mysql\\CURDOperations\\node_modules\\pirates\\lib\\index.js","function":"Module._compile","line":136,"method":"_compile","native":false},{"column":10,"file":"node:internal/modules/cjs/loader","function":"Module._extensions..js","line":1308,"method":".js","native":false},{"column":7,"file":"D:\\Mysql\\CURDOperations\\node_modules\\pirates\\lib\\index.js","function":"Object.newLoader [as .js]","line":141,"method":"js]","native":false},{"column":32,"file":"node:internal/modules/cjs/loader","function":"Module.load","line":1117,"method":"load","native":false},{"column":12,"file":"node:internal/modules/cjs/loader","function":"Module._load","line":958,"method":"_load","native":false},{"column":19,"file":"node:internal/modules/cjs/loader","function":"Module.require","line":1141,"method":"require","native":false},{"column":18,"file":"node:internal/modules/cjs/helpers","function":"require","line":110,"method":null,"native":false},{"column":1,"file":"D:\\Mysql\\CURDOperations\\src\\controllers\\/user.controller.js","function":null,"line":2,"method":null,"native":false},{"column":14,"file":"node:internal/modules/cjs/loader","function":"Module._compile","line":1254,"method":"_compile","native":false},{"column":24,"file":"D:\\Mysql\\CURDOperations\\node_modules\\pirates\\lib\\index.js","function":"Module._compile","line":136,"method":"_compile","native":false},{"column":10,"file":"node:internal/modules/cjs/loader","function":"Module._extensions..js","line":1308,"method":".js","native":false},{"column":7,"file":"D:\\Mysql\\CURDOperations\\node_modules\\pirates\\lib\\index.js","function":"Object.newLoader [as .js]","line":141,"method":"js]","native":false},{"column":32,"file":"node:internal/modules/cjs/loader","function":"Module.load","line":1117,"method":"load","native":false},{"column":12,"file":"node:internal/modules/cjs/loader","function":"Module._load","line":958,"method":"_load","native":false},{"column":19,"file":"node:internal/modules/cjs/loader","function":"Module.require","line":1141,"method":"require","native":false},{"column":18,"file":"node:internal/modules/cjs/helpers","function":"require","line":110,"method":null,"native":false},{"column":1,"file":"D:\\Mysql\\CURDOperations\\src\\routes\\/user.route.js","function":null,"line":2,"method":null,"native":false},{"column":14,"file":"node:internal/modules/cjs/loader","function":"Module._compile","line":1254,"method":"_compile","native":false},{"column":24,"file":"D:\\Mysql\\CURDOperations\\node_modules\\pirates\\lib\\index.js","function":"Module._compile","line":136,"method":"_compile","native":false},{"column":10,"file":"node:internal/modules/cjs/loader","function":"Module._extensions..js","line":1308,"method":".js","native":false},{"column":7,"file":"D:\\Mysql\\CURDOperations\\node_modules\\pirates\\lib\\index.js","function":"Object.newLoader [as .js]","line":141,"method":"js]","native":false},{"column":32,"file":"node:internal/modules/cjs/loader","function":"Module.load","line":1117,"method":"load","native":false},{"column":12,"file":"node:internal/modules/cjs/loader","function":"Module._load","line":958,"method":"_load","native":false},{"column":19,"file":"node:internal/modules/cjs/loader","function":"Module.require","line":1141,"method":"require","native":false},{"column":18,"file":"node:internal/modules/cjs/helpers","function":"require","line":110,"method":null,"native":false},{"column":1,"file":"D:\\Mysql\\CURDOperations\\src\\routes\\/index.js","function":null,"line":4,"method":null,"native":false},{"column":14,"file":"node:internal/modules/cjs/loader","function":"Module._compile","line":1254,"method":"_compile","native":false},{"column":24,"file":"D:\\Mysql\\CURDOperations\\node_modules\\pirates\\lib\\index.js","function":"Module._compile","line":136,"method":"_compile","native":false},{"column":10,"file":"node:internal/modules/cjs/loader","function":"Module._extensions..js","line":1308,"method":".js","native":false},{"column":7,"file":"D:\\Mysql\\CURDOperations\\node_modules\\pirates\\lib\\index.js","function":"Object.newLoader [as .js]","line":141,"method":"js]","native":false},{"column":32,"file":"node:internal/modules/cjs/loader","function":"Module.load","line":1117,"method":"load","native":false},{"column":12,"file":"node:internal/modules/cjs/loader","function":"Module._load","line":958,"method":"_load","native":false},{"column":19,"file":"node:internal/modules/cjs/loader","function":"Module.require","line":1141,"method":"require","native":false},{"column":18,"file":"node:internal/modules/cjs/helpers","function":"require","line":110,"method":null,"native":false},{"column":1,"file":"D:\\Mysql\\CURDOperations\\src\\/index.js","function":null,"line":8,"method":null,"native":false},{"column":14,"file":"node:internal/modules/cjs/loader","function":"Module._compile","line":1254,"method":"_compile","native":false},{"column":24,"file":"D:\\Mysql\\CURDOperations\\node_modules\\pirates\\lib\\index.js","function":"Module._compile","line":136,"method":"_compile","native":false},{"column":10,"file":"node:internal/modules/cjs/loader","function":"Module._extensions..js","line":1308,"method":".js","native":false},{"column":7,"file":"D:\\Mysql\\CURDOperations\\node_modules\\pirates\\lib\\index.js","function":"Object.newLoader [as .js]","line":141,"method":"js]","native":false}]}
error: uncaughtException: Access denied for user 'Levono'@'localhost' (using password: YES)
SequelizeAccessDeniedError: Access denied for user 'Levono'@'localhost' (using password: YES)
    at ConnectionManager.connect (D:\Mysql\CURDOperations\node_modules\sequelize\src\dialects\mysql\connection-manager.js:118:17)
    at processTicksAndRejections (node:internal/process/task_queues:95:5)
    at ConnectionManager._connect (D:\Mysql\CURDOperations\node_modules\sequelize\src\dialects\abstract\connection-manager.js:332:24)
    at D:\Mysql\CURDOperations\node_modules\sequelize\src\dialects\abstract\connection-manager.js:250:32 {"date":"Thu Jun 15 2023 23:14:21 GMT+0530 (India Standard Time)","error":{"name":"SequelizeAccessDeniedError","original":{"code":"ER_ACCESS_DENIED_ERROR","errno":1045,"sqlMessage":"Access denied for user 'Levono'@'localhost' (using password: YES)","sqlState":"28000"},"parent":{"code":"ER_ACCESS_DENIED_ERROR","errno":1045,"sqlMessage":"Access denied for user 'Levono'@'localhost' (using password: YES)","sqlState":"28000"}},"exception":true,"os":{"loadavg":[0,0,0],"uptime":97487.328},"process":{"argv":["node","D:\\Mysql\\CURDOperations\\src\\index.js"],"cwd":"D:\\Mysql\\CURDOperations","execPath":"C:\\Program Files\\nodejs\\node.exe","gid":null,"memoryUsage":{"arrayBuffers":205374,"external":1731262,"heapTotal":97009664,"heapUsed":48511032,"rss":137342976},"pid":14080,"uid":null,"version":"v18.16.0"},"stack":"SequelizeAccessDeniedError: Access denied for user 'Levono'@'localhost' (using password: YES)\n    at ConnectionManager.connect (D:\\Mysql\\CURDOperations\\node_modules\\sequelize\\src\\dialects\\mysql\\connection-manager.js:118:17)\n    at processTicksAndRejections (node:internal/process/task_queues:95:5)\n    at ConnectionManager._connect (D:\\Mysql\\CURDOperations\\node_modules\\sequelize\\src\\dialects\\abstract\\connection-manager.js:332:24)\n    at D:\\Mysql\\CURDOperations\\node_modules\\sequelize\\src\\dialects\\abstract\\connection-manager.js:250:32","trace":[{"column":17,"file":"D:\\Mysql\\CURDOperations\\node_modules\\sequelize\\src\\dialects\\mysql\\connection-manager.js","function":"ConnectionManager.connect","line":118,"method":"connect","native":false},{"column":5,"file":"node:internal/process/task_queues","function":"processTicksAndRejections","line":95,"method":null,"native":false},{"column":24,"file":"D:\\Mysql\\CURDOperations\\node_modules\\sequelize\\src\\dialects\\abstract\\connection-manager.js","function":"ConnectionManager._connect","line":332,"method":"_connect","native":false},{"column":32,"file":"D:\\Mysql\\CURDOperations\\node_modules\\sequelize\\src\\dialects\\abstract\\connection-manager.js","function":null,"line":250,"method":null,"native":false}]}
